mode: set
github.com/controllers/mdev_controller.go:57.96,64.16 4 0
github.com/controllers/mdev_controller.go:95.2,98.16 4 0
github.com/controllers/mdev_controller.go:102.2,104.44 2 0
github.com/controllers/mdev_controller.go:110.2,110.27 1 0
github.com/controllers/mdev_controller.go:64.16,65.29 1 0
github.com/controllers/mdev_controller.go:73.3,74.28 2 0
github.com/controllers/mdev_controller.go:65.29,71.4 2 0
github.com/controllers/mdev_controller.go:98.16,100.3 1 0
github.com/controllers/mdev_controller.go:104.44,106.3 1 0
github.com/controllers/mdev_controller.go:114.67,118.2 1 0
