mode: set
github.com/controllers/mdev_controller.go:57.96,64.16 4 0
github.com/controllers/mdev_controller.go:101.2,105.27 3 0
github.com/controllers/mdev_controller.go:136.2,136.27 1 0
github.com/controllers/mdev_controller.go:64.16,65.29 1 0
github.com/controllers/mdev_controller.go:76.3,77.28 2 0
github.com/controllers/mdev_controller.go:65.29,74.4 3 0
github.com/controllers/mdev_controller.go:105.27,107.48 1 0
github.com/controllers/mdev_controller.go:107.48,109.48 2 0
github.com/controllers/mdev_controller.go:109.48,115.10 3 0
github.com/controllers/mdev_controller.go:140.67,144.2 1 0
github.com/controllers/mdev_controller.go:146.40,148.16 2 0
github.com/controllers/mdev_controller.go:151.2,151.24 1 0
github.com/controllers/mdev_controller.go:154.2,154.19 1 0
github.com/controllers/mdev_controller.go:148.16,150.3 1 0
github.com/controllers/mdev_controller.go:151.24,153.3 1 0
github.com/controllers/mdev_controller.go:157.45,164.33 5 0
github.com/controllers/mdev_controller.go:164.33,176.17 4 0
github.com/controllers/mdev_controller.go:180.3,180.55 1 0
github.com/controllers/mdev_controller.go:183.3,184.30 2 0
github.com/controllers/mdev_controller.go:176.18,178.4 0 0
github.com/controllers/mdev_controller.go:180.56,182.4 0 0
github.com/controllers/mdev_controller.go:189.23,192.27 2 0
github.com/controllers/mdev_controller.go:192.27,195.40 3 0
github.com/controllers/mdev_controller.go:195.40,198.35 3 0
github.com/controllers/mdev_controller.go:198.35,204.5 5 0
